TN:
SF:dist\config\db.js
FN:1,Object.<anonymous>
FN:2,Object.<anonymous>.__importDefault
FNF:2
FNH:2
FNDA:1,Object.<anonymous>
FNDA:1,Object.<anonymous>.__importDefault
DA:1,1
DA:2,1
DA:3,1
DA:4,1
DA:5,1
DA:6,1
DA:7,1
DA:8,1
DA:9,1
DA:10,1
DA:11,1
DA:12,1
DA:13,1
DA:14,1
LF:14
LH:14
BRDA:1,0,0,1
BRDA:1,1,0,1
BRDA:2,2,0,1
BRDA:3,3,0,0
BRDA:13,4,0,1
BRF:5
BRH:4
end_of_record
TN:
SF:dist\repositories\base\repository.js
FN:1,Object.<anonymous>
FN:5,Repository
FN:8,find
FN:15,create
FN:19,findById
FN:22,updateById
FN:26,deleteById
FN:30,map
FN:39,mapArr
FNF:9
FNH:4
FNDA:1,Object.<anonymous>
FNDA:1,Repository
FNDA:0,find
FNDA:1,create
FNDA:0,findById
FNDA:0,updateById
FNDA:0,deleteById
FNDA:1,map
FNDA:0,mapArr
DA:1,1
DA:2,1
DA:3,1
DA:4,1
DA:5,1
DA:6,1
DA:7,1
DA:8,1
DA:9,0
DA:10,0
DA:11,0
DA:12,0
DA:13,0
DA:14,0
DA:15,1
DA:16,1
DA:17,1
DA:18,1
DA:19,1
DA:20,0
DA:21,0
DA:22,1
DA:23,0
DA:24,0
DA:25,0
DA:26,1
DA:27,0
DA:28,0
DA:29,0
DA:30,1
DA:31,1
DA:32,1
DA:33,1
DA:34,1
DA:35,1
DA:36,1
DA:37,1
DA:38,1
DA:39,1
DA:40,0
DA:41,0
DA:42,1
DA:43,1
LF:43
LH:27
BRDA:1,0,0,1
BRDA:1,1,0,1
BRDA:5,2,0,1
BRDA:15,3,0,1
BRDA:30,4,0,1
BRF:5
BRH:5
end_of_record
TN:
SF:src\config\db.ts
FNF:0
FNH:0
DA:1,1
DA:2,1
DA:3,1
DA:4,1
DA:5,1
DA:6,1
DA:7,1
DA:8,1
DA:9,1
LF:9
LH:9
BRDA:8,0,0,1
BRF:1
BRH:1
end_of_record
TN:
SF:src\repositories\base\repository.ts
FN:9,Repository
FN:10,find
FN:18,create
FN:23,findById
FN:27,updateById
FN:36,deleteById
FN:44,map
FN:53,mapArr
FN:56,validateId
FNF:9
FNH:9
FNDA:1,Repository
FNDA:1,find
FNDA:1,create
FNDA:2,findById
FNDA:1,updateById
FNDA:1,deleteById
FNDA:13,map
FNDA:1,mapArr
FNDA:2,validateId
DA:1,1
DA:2,1
DA:3,1
DA:4,1
DA:5,1
DA:6,1
DA:7,1
DA:8,1
DA:9,1
DA:10,1
DA:11,1
DA:12,1
DA:13,1
DA:14,1
DA:15,1
DA:16,1
DA:17,1
DA:18,1
DA:19,1
DA:20,1
DA:21,1
DA:22,1
DA:23,1
DA:24,2
DA:25,2
DA:26,1
DA:27,1
DA:28,1
DA:29,1
DA:30,1
DA:31,1
DA:32,1
DA:33,1
DA:34,1
DA:35,1
DA:36,1
DA:37,1
DA:38,1
DA:39,1
DA:40,1
DA:41,1
DA:42,1
DA:43,1
DA:44,1
DA:45,13
DA:46,13
DA:47,13
DA:48,13
DA:49,13
DA:50,13
DA:51,13
DA:52,13
DA:53,1
DA:54,1
DA:55,1
DA:56,1
DA:57,2
DA:58,2
DA:59,2
DA:60,2
DA:61,1
LF:61
LH:61
BRDA:9,0,0,1
BRDA:10,1,0,1
BRDA:18,2,0,1
BRDA:23,3,0,2
BRDA:27,4,0,1
BRDA:33,5,0,0
BRDA:36,6,0,1
BRDA:42,7,0,0
BRDA:44,8,0,13
BRDA:53,9,0,1
BRDA:54,10,0,10
BRDA:56,11,0,2
BRDA:58,12,0,0
BRF:13
BRH:10
end_of_record
